c:\users\butte\source\repos\alrgrothims\alrgrothims\x64\debug\vc143.pdb
c:\users\butte\source\repos\alrgrothims\alrgrothims\x64\debug\vc143.idb
c:\users\butte\source\repos\alrgrothims\alrgrothims\x64\debug\tree.obj
c:\users\butte\source\repos\alrgrothims\alrgrothims\x64\debug\seannode.obj
c:\users\butte\source\repos\alrgrothims\alrgrothims\x64\debug\nodesokomind.obj
c:\users\butte\source\repos\alrgrothims\alrgrothims\x64\debug\node.obj
c:\users\butte\source\repos\alrgrothims\alrgrothims\x64\debug\main.obj
c:\users\butte\source\repos\alrgrothims\alrgrothims\x64\debug\dfs.obj
c:\users\butte\source\repos\alrgrothims\x64\debug\alrgrothims.exe
c:\users\butte\source\repos\alrgrothims\x64\debug\alrgrothims.pdb
c:\users\butte\source\repos\alrgrothims\alrgrothims\x64\debug\alrgrothims.ilk
c:\users\butte\source\repos\alrgrothims\alrgrothims\x64\debug\main.obj.enc
c:\users\butte\source\repos\alrgrothims\alrgrothims\x64\debug\seannode.obj.enc
c:\users\butte\source\repos\alrgrothims\alrgrothims\x64\debug\alrgrothims.tlog\cl.command.1.tlog
c:\users\butte\source\repos\alrgrothims\alrgrothims\x64\debug\alrgrothims.tlog\cl.items.tlog
c:\users\butte\source\repos\alrgrothims\alrgrothims\x64\debug\alrgrothims.tlog\cl.read.1.tlog
c:\users\butte\source\repos\alrgrothims\alrgrothims\x64\debug\alrgrothims.tlog\cl.write.1.tlog
c:\users\butte\source\repos\alrgrothims\alrgrothims\x64\debug\alrgrothims.tlog\link.command.1.tlog
c:\users\butte\source\repos\alrgrothims\alrgrothims\x64\debug\alrgrothims.tlog\link.read.1.tlog
c:\users\butte\source\repos\alrgrothims\alrgrothims\x64\debug\alrgrothims.tlog\link.secondary.1.tlog
c:\users\butte\source\repos\alrgrothims\alrgrothims\x64\debug\alrgrothims.tlog\link.write.1.tlog
